{"C:\\Users\\yannick.nzodasitu\\calculator-js\\src\\calc.js": {"path":"C:\\Users\\yannick.nzodasitu\\calculator-js\\src\\calc.js","all":false,"statementMap":{"0":{"start":{"line":1,"column":0},"end":{"line":1,"column":27}},"1":{"start":{"line":2,"column":0},"end":{"line":2,"column":0}},"2":{"start":{"line":3,"column":0},"end":{"line":3,"column":13}}},"s":{"0":1,"1":1,"2":1},"branchMap":{"0":{"type":"branch","line":1,"loc":{"start":{"line":1,"column":12},"end":{"line":1,"column":27}},"locations":[{"start":{"line":1,"column":12},"end":{"line":1,"column":27}}]}},"b":{"0":[1]},"fnMap":{"0":{"name":"sum","decl":{"start":{"line":1,"column":12},"end":{"line":1,"column":27}},"loc":{"start":{"line":1,"column":12},"end":{"line":1,"column":27}},"line":1}},"f":{"0":1}}
}
