{"C:\\Users\\yannick.nzodasitu\\calculator-js\\src\\calc.js": {"path":"C:\\Users\\yannick.nzodasitu\\calculator-js\\src\\calc.js","all":false,"statementMap":{"0":{"start":{"line":1,"column":0},"end":{"line":1,"column":27}},"1":{"start":{"line":2,"column":0},"end":{"line":2,"column":32}},"2":{"start":{"line":3,"column":0},"end":{"line":3,"column":0}},"3":{"start":{"line":4,"column":0},"end":{"line":4,"column":22}}},"s":{"0":1,"1":1,"2":1,"3":1},"branchMap":{"0":{"type":"branch","line":1,"loc":{"start":{"line":1,"column":12},"end":{"line":1,"column":27}},"locations":[{"start":{"line":1,"column":12},"end":{"line":1,"column":27}}]},"1":{"type":"branch","line":2,"loc":{"start":{"line":2,"column":17},"end":{"line":2,"column":32}},"locations":[{"start":{"line":2,"column":17},"end":{"line":2,"column":32}}]}},"b":{"0":[1],"1":[1]},"fnMap":{"0":{"name":"sum","decl":{"start":{"line":1,"column":12},"end":{"line":1,"column":27}},"loc":{"start":{"line":1,"column":12},"end":{"line":1,"column":27}},"line":1},"1":{"name":"subtract","decl":{"start":{"line":2,"column":17},"end":{"line":2,"column":32}},"loc":{"start":{"line":2,"column":17},"end":{"line":2,"column":32}},"line":2}},"f":{"0":1,"1":1}}
}
